build/intermediates/manifest_merge_blame_file/debug/processDebugMainManifest/manifest-merger-blame-debug-report.txt
1<?xml version="1.0" encoding="utf-8"?>
2<manifest xmlns:android="http://schemas.android.com/apk/res/android"
3    package="com.droidhits.genesisdroid"
4    android:versionCode="1"
5    android:versionName="1.0" >
6
7    <uses-sdk
8        android:minSdkVersion="19"
9        android:targetSdkVersion="34" />
10
11    <uses-permission android:name="android.permission.ACCESS_NETWORK_STATE" />
11-->Cpp\DroidGEN\AndroidManifest.xml:4:5-78
11-->Cpp\DroidGEN\AndroidManifest.xml:4:22-76
12    <uses-permission android:name="android.permission.INTERNET" />
12-->Cpp\DroidGEN\AndroidManifest.xml:5:5-66
12-->Cpp\DroidGEN\AndroidManifest.xml:5:22-64
13    <uses-permission android:name="android.permission.WRITE_EXTERNAL_STORAGE" />
13-->Cpp\DroidGEN\AndroidManifest.xml:6:2-77
13-->Cpp\DroidGEN\AndroidManifest.xml:6:19-75
14
15    <uses-feature android:glEsVersion="0x00020000" />
15-->Cpp\DroidGEN\AndroidManifest.xml:7:2-50
15-->Cpp\DroidGEN\AndroidManifest.xml:7:16-48
16
17    <application
17-->Cpp\DroidGEN\AndroidManifest.xml:9:5-34:19
18        android:debuggable="true"
19        android:extractNativeLibs="true"
20        android:icon="@drawable/icon"
20-->Cpp\DroidGEN\AndroidManifest.xml:9:18-47
21        android:label="@string/app_name" >
21-->Cpp\DroidGEN\AndroidManifest.xml:10:9-41
22        <activity
22-->Cpp\DroidGEN\AndroidManifest.xml:11:9-17:20
23            android:name="com.droidhits.genesisdroid.Main"
23-->Cpp\DroidGEN\AndroidManifest.xml:11:19-39
24            android:exported="true"
24-->Cpp\DroidGEN\AndroidManifest.xml:12:78-101
25            android:theme="@android:style/Theme.NoTitleBar.Fullscreen" >
25-->Cpp\DroidGEN\AndroidManifest.xml:12:19-77
26            <intent-filter>
26-->Cpp\DroidGEN\AndroidManifest.xml:13:13-16:29
27                <action android:name="android.intent.action.MAIN" />
27-->Cpp\DroidGEN\AndroidManifest.xml:14:17-69
27-->Cpp\DroidGEN\AndroidManifest.xml:14:25-66
28
29                <category android:name="android.intent.category.LAUNCHER" />
29-->Cpp\DroidGEN\AndroidManifest.xml:15:17-77
29-->Cpp\DroidGEN\AndroidManifest.xml:15:27-74
30            </intent-filter>
31        </activity>
32        <activity android:name="com.droidhits.genesisdroid.FileChooser" />
32-->Cpp\DroidGEN\AndroidManifest.xml:19:9-84
32-->Cpp\DroidGEN\AndroidManifest.xml:19:19-72
33        <activity android:name="com.droidhits.genesisdroid.SettingsActivity" />
33-->Cpp\DroidGEN\AndroidManifest.xml:20:9-89
33-->Cpp\DroidGEN\AndroidManifest.xml:20:19-77
34        <activity
34-->Cpp\DroidGEN\AndroidManifest.xml:21:3-22:53
35            android:name="com.droidhits.genesisdroid.KeyboardConfigActivity"
35-->Cpp\DroidGEN\AndroidManifest.xml:21:13-77
36            android:configChanges="orientation" />
36-->Cpp\DroidGEN\AndroidManifest.xml:22:6-41
37        <activity
37-->Cpp\DroidGEN\AndroidManifest.xml:23:9-26:59
38            android:name="com.droidhits.genesisdroid.InputConfigActivity"
38-->Cpp\DroidGEN\AndroidManifest.xml:23:19-80
39            android:configChanges="orientation"
39-->Cpp\DroidGEN\AndroidManifest.xml:26:12-47
40            android:screenOrientation="landscape"
40-->Cpp\DroidGEN\AndroidManifest.xml:25:18-55
41            android:theme="@android:style/Theme.NoTitleBar.Fullscreen" />
41-->Cpp\DroidGEN\AndroidManifest.xml:24:12-70
42        <activity
42-->Cpp\DroidGEN\AndroidManifest.xml:27:9-32:90
43            android:name="com.droidhits.genesisdroid.EmuActivity"
43-->Cpp\DroidGEN\AndroidManifest.xml:27:19-72
44            android:alwaysRetainTaskState="false"
44-->Cpp\DroidGEN\AndroidManifest.xml:32:12-49
45            android:configChanges="orientation|locale|keyboard|keyboardHidden"
45-->Cpp\DroidGEN\AndroidManifest.xml:30:12-78
46            android:multiprocess="false"
46-->Cpp\DroidGEN\AndroidManifest.xml:32:50-78
47            android:noHistory="false"
47-->Cpp\DroidGEN\AndroidManifest.xml:31:12-37
48            android:screenOrientation="landscape"
48-->Cpp\DroidGEN\AndroidManifest.xml:29:12-49
49            android:theme="@android:style/Theme.NoTitleBar.Fullscreen" />
49-->Cpp\DroidGEN\AndroidManifest.xml:28:12-70
50    </application>
51
52</manifest>